<?xml version="1.0" encoding="UTF-8"?>
<testsuite name="org.acme.PetControllerTest" tests="4" skipped="0" failures="0" errors="0" timestamp="2021-11-19T13:21:49" hostname="DESKTOP-8AAAHQA" time="2.491">
  <properties/>
  <testcase name="testPetEndpointSuccess()" classname="org.acme.PetControllerTest" time="2.269"/>
  <testcase name="testPetEndpoint()" classname="org.acme.PetControllerTest" time="0.017"/>
  <testcase name="testAddPetEndpoint()" classname="org.acme.PetControllerTest" time="0.148"/>
  <testcase name="testDeletePet()" classname="org.acme.PetControllerTest" time="0.054"/>
  <system-out><![CDATA[]]></system-out>
  <system-err><![CDATA[Nov 19, 2021 6:51:46 PM org.jboss.threads.Version <clinit>
INFO: JBoss Threads version 3.1.1.Final
Nov 19, 2021 6:51:48 PM org.jboss.resteasy.core.ResteasyDeploymentImpl processApplication
INFO: RESTEASY002225: Deploying javax.ws.rs.core.Application: class com.example.petstore.PetstoreRestApplication
Nov 19, 2021 6:51:48 PM org.jboss.threads.Version <clinit>
INFO: JBoss Threads version 3.1.1.Final
Nov 19, 2021 6:51:49 PM io.quarkus.bootstrap.runner.Timing printStartupTime
INFO: Quarkus 1.7.6.Final on JVM started in 3.797s. Listening on: http://0.0.0.0:8081
Nov 19, 2021 6:51:49 PM io.quarkus.bootstrap.runner.Timing printStartupTime
INFO: Profile test activated. 
Nov 19, 2021 6:51:49 PM io.quarkus.bootstrap.runner.Timing printStartupTime
INFO: Installed features: [cdi, jaeger, mutiny, rest-client, resteasy, resteasy-jsonb, security, smallrye-context-propagation, smallrye-fault-tolerance, smallrye-health, smallrye-jwt, smallrye-metrics, smallrye-openapi, smallrye-opentracing, swagger-ui, vertx, vertx-web]
]]></system-err>
</testsuite>
